<indicator additive="true">
    <name>test-indicator-using-computed-field</name>
    <categories>
        <category name="IFA Tablets" />
    </categories>
    <owners>
        <reportviews>
            <reportview name="Program Manager"/>
        </reportviews>
    </owners>
    <trend>3</trend>
    <reports>
        <report type="Line Chart" label-x="Time" label-y="Mothers count" />
    </reports>
    <area name="Bihar" level="State"/>
    <default-frequency>Daily</default-frequency>
    <numerator>
        <dw-query>
            <select-columns>
                <select-column aggregation="Count" fieldName="*" />
            </select-columns>
            <dimension tableName="mother_case" />
            <combineWith type="Join" dimension-key="id" foreign-key="case_id">
                <dw-query>
                    <select-columns>
                        <select-column fieldName="case_id" />
                        <select-column fieldName="test-computed-field" />
                    </select-columns>
                    <dimension tableName="bp_form" />
                    <group-by tableName="bp_form" fieldName="case_id">
                        <having function="Count" tableName="bp_form" fieldName="case_id" operator=">=" value="0" />
                    </group-by>
                </dw-query>
            </combineWith>
            <where-group>
                <where-condition type="valueComparison">
                    <table-name>bp_form</table-name>
                    <field>test-computed-field</field>
                    <operator>&gt;=</operator>
                    <value>90</value>
                </where-condition>
                <where-condition type="period">
                    <table-name>mother_case</table-name>
                    <field>add</field>
                </where-condition>
            </where-group>
        </dw-query>
    </numerator>
</indicator>
